<?xml version="1.0" encoding="UTF-8"?>
<coverage generated="1349235013">
  <project timestamp="1349235013">
    <file name="/home/otternq/stock/PHPUnitTest/autoload.php">
      <line num="6" type="stmt" count="0"/>
      <line num="7" type="stmt" count="0"/>
      <line num="10" type="stmt" count="0"/>
      <line num="11" type="stmt" count="0"/>
      <line num="12" type="stmt" count="0"/>
      <line num="13" type="stmt" count="0"/>
      <line num="14" type="stmt" count="0"/>
      <line num="15" type="stmt" count="0"/>
      <line num="16" type="stmt" count="0"/>
      <metrics loc="17" ncloc="17" classes="0" methods="0" coveredmethods="0" conditionals="0" coveredconditionals="0" statements="9" coveredstatements="0" elements="9" coveredelements="0"/>
    </file>
    <file name="/home/otternq/stock/getSocialData/autoload.php">
      <line num="0" type="stmt" count="2"/>
      <metrics loc="29" ncloc="22" classes="0" methods="0" coveredmethods="0" conditionals="0" coveredconditionals="0" statements="0" coveredstatements="0" elements="0" coveredelements="0"/>
    </file>
    <file name="/home/otternq/stock/getSocialData/service/service.php">
      <class name="Service" namespace="global" fullPackage="socialStocks.service" package="socialStocks" subpackage="service">
        <metrics methods="0" coveredmethods="0" conditionals="0" coveredconditionals="0" statements="0" coveredstatements="0" elements="0" coveredelements="0"/>
      </class>
      <metrics loc="22" ncloc="8" classes="1" methods="0" coveredmethods="0" conditionals="0" coveredconditionals="0" statements="0" coveredstatements="0" elements="0" coveredelements="0"/>
    </file>
    <file name="/home/otternq/stock/getSocialData/social/googlePlusService.php">
      <class name="GooglePlusService" namespace="global" fullPackage="socialStocks.social" package="socialStocks" subpackage="social">
        <metrics methods="4" coveredmethods="0" conditionals="0" coveredconditionals="0" statements="8" coveredstatements="0" elements="12" coveredelements="0"/>
      </class>
      <line num="43" type="method" name="getSearchUrl" crap="2" count="0"/>
      <line num="44" type="stmt" count="0"/>
      <line num="58" type="method" name="retrieveMessages" crap="2" count="0"/>
      <line num="59" type="stmt" count="0"/>
      <line num="69" type="method" name="parseData" crap="2" count="0"/>
      <line num="70" type="stmt" count="0"/>
      <line num="71" type="stmt" count="0"/>
      <line num="73" type="stmt" count="0"/>
      <line num="76" type="stmt" count="0"/>
      <line num="77" type="stmt" count="0"/>
      <line num="87" type="method" name="getMessage" crap="2" count="0"/>
      <line num="89" type="stmt" count="0"/>
      <metrics loc="94" ncloc="25" classes="1" methods="4" coveredmethods="0" conditionals="0" coveredconditionals="0" statements="8" coveredstatements="0" elements="12" coveredelements="0"/>
    </file>
    <file name="/home/otternq/stock/getSocialData/social/socialService.php">
      <class name="SocialService" namespace="global" fullPackage="socialStocks.social" package="socialStocks" subpackage="social">
        <metrics methods="8" coveredmethods="2" conditionals="0" coveredconditionals="0" statements="24" coveredstatements="6" elements="32" coveredelements="8"/>
      </class>
      <line num="28" type="method" name="retrieveMessages" crap="1" count="0"/>
      <line num="37" type="method" name="parseData" crap="1" count="0"/>
      <line num="46" type="method" name="batchGetData" crap="6" count="0"/>
      <line num="47" type="stmt" count="0"/>
      <line num="49" type="stmt" count="0"/>
      <line num="50" type="stmt" count="0"/>
      <line num="51" type="stmt" count="0"/>
      <line num="53" type="stmt" count="0"/>
      <line num="63" type="method" name="getData" crap="2" count="0"/>
      <line num="65" type="stmt" count="0"/>
      <line num="66" type="stmt" count="0"/>
      <line num="77" type="method" name="getMessage" crap="1" count="0"/>
      <line num="86" type="method" name="getObject" crap="1" count="1"/>
      <line num="87" type="stmt" count="1"/>
      <line num="90" type="stmt" count="1"/>
      <line num="98" type="method" name="availableServices" crap="1" count="2"/>
      <line num="100" type="stmt" count="2"/>
      <line num="101" type="stmt" count="2"/>
      <line num="102" type="stmt" count="2"/>
      <line num="104" type="stmt" count="2"/>
      <line num="117" type="method" name="save" crap="2" count="0"/>
      <line num="119" type="stmt" count="0"/>
      <line num="121" type="stmt" count="0"/>
      <line num="124" type="stmt" count="0"/>
      <line num="127" type="stmt" count="0"/>
      <line num="130" type="stmt" count="0"/>
      <line num="132" type="stmt" count="0"/>
      <line num="133" type="stmt" count="0"/>
      <line num="134" type="stmt" count="0"/>
      <line num="135" type="stmt" count="0"/>
      <line num="137" type="stmt" count="0"/>
      <line num="138" type="stmt" count="0"/>
      <metrics loc="143" ncloc="46" classes="1" methods="5" coveredmethods="2" conditionals="0" coveredconditionals="0" statements="24" coveredstatements="6" elements="29" coveredelements="8"/>
    </file>
    <file name="/home/otternq/stock/getSocialData/social/twitterService.php">
      <class name="TwitterService" namespace="global" fullPackage="socialStocks.social" package="socialStocks" subpackage="social">
        <metrics methods="4" coveredmethods="0" conditionals="0" coveredconditionals="0" statements="10" coveredstatements="0" elements="14" coveredelements="0"/>
      </class>
      <line num="40" type="method" name="getSearchUrl" crap="2" count="0"/>
      <line num="41" type="stmt" count="0"/>
      <line num="56" type="method" name="retrieveMessages" crap="2" count="0"/>
      <line num="58" type="stmt" count="0"/>
      <line num="59" type="stmt" count="0"/>
      <line num="61" type="stmt" count="0"/>
      <line num="63" type="stmt" count="0"/>
      <line num="64" type="stmt" count="0"/>
      <line num="66" type="stmt" count="0"/>
      <line num="76" type="method" name="parseData" crap="2" count="0"/>
      <line num="78" type="stmt" count="0"/>
      <line num="79" type="stmt" count="0"/>
      <line num="90" type="method" name="getMessage" crap="2" count="0"/>
      <line num="91" type="stmt" count="0"/>
      <line num="97" type="stmt" count="1"/>
      <metrics loc="96" ncloc="24" classes="1" methods="4" coveredmethods="0" conditionals="0" coveredconditionals="0" statements="10" coveredstatements="0" elements="14" coveredelements="0"/>
    </file>
    <metrics files="6" loc="401" ncloc="142" classes="4" methods="13" coveredmethods="2" conditionals="0" coveredconditionals="0" statements="51" coveredstatements="6" elements="64" coveredelements="8"/>
  </project>
</coverage>
